<?xml version="1.0" encoding="UTF-8"?>
<testsuite xmlns:xsi="http://www.w3.org/2001/XMLSchema-instance" xsi:noNamespaceSchemaLocation="https://maven.apache.org/surefire/maven-surefire-plugin/xsd/surefire-test-report-3.0.xsd" version="3.0" name="net.javaguides.spring.boot.SpringbootBackendApplicationTests" time="21.545" tests="1" errors="0" skipped="0" failures="0">
  <properties>
[...]
</properties>
  <testcase name="contextLoads" classname="net.javaguides.spring.boot.SpringbootBackendApplicationTests" time="0.883">
    <system-out><![CDATA[16:21:06.753 [main] INFO org.springframework.test.context.support.AnnotationConfigContextLoaderUtils -- Could not detect default configuration classes for test class [net.javaguides.spring.boot.SpringbootBackendApplicationTests]: SpringbootBackendApplicationTests does not declare any static, non-private, non-final, nested classes annotated with @Configuration.
16:21:06.982 [main] INFO org.springframework.boot.test.context.SpringBootTestContextBootstrapper -- Found @SpringBootConfiguration net.javaguides.spring.boot.SpringbootBackendApplication for test class net.javaguides.spring.boot.SpringbootBackendApplicationTests

  .   ____          _            __ _ _
 /\\ / ___'_ __ _ _(_)_ __  __ _ \ \ \ \
( ( )\___ | '_ | '_| | '_ \/ _` | \ \ \ \
 \\/  ___)| |_)| | | | | || (_| |  ) ) ) )
  '  |____| .__|_| |_|_| |_\__, | / / / /
 =========|_|==============|___/=/_/_/_/

 :: Spring Boot ::                (v3.3.2)

2025-10-28T16:21:08.000+05:30  INFO 18996 --- [           main] .j.s.b.SpringbootBackendApplicationTests : Starting SpringbootBackendApplicationTests using Java 21.0.5 with PID 18996 (started by sujal in D:\Employee-Management-System-Full-Stack-Project)
2025-10-28T16:21:08.004+05:30  INFO 18996 --- [           main] .j.s.b.SpringbootBackendApplicationTests : No active profile set, falling back to 1 default profile: "default"
2025-10-28T16:21:10.414+05:30  INFO 18996 --- [           main] .s.d.r.c.RepositoryConfigurationDelegate : Bootstrapping Spring Data JPA repositories in DEFAULT mode.
2025-10-28T16:21:10.574+05:30  INFO 18996 --- [           main] .s.d.r.c.RepositoryConfigurationDelegate : Finished Spring Data repository scanning in 149 ms. Found 7 JPA repository interfaces.
2025-10-28T16:21:12.963+05:30  INFO 18996 --- [           main] o.hibernate.jpa.internal.util.LogHelper  : HHH000204: Processing PersistenceUnitInfo [name: default]
2025-10-28T16:21:13.197+05:30  INFO 18996 --- [           main] org.hibernate.Version                    : HHH000412: Hibernate ORM core version 6.5.2.Final
2025-10-28T16:21:13.360+05:30  INFO 18996 --- [           main] o.h.c.internal.RegionFactoryInitiator    : HHH000026: Second-level cache disabled
2025-10-28T16:21:14.397+05:30  INFO 18996 --- [           main] o.s.o.j.p.SpringPersistenceUnitInfo      : No LoadTimeWeaver setup: ignoring JPA class transformer
2025-10-28T16:21:14.484+05:30  INFO 18996 --- [           main] com.zaxxer.hikari.HikariDataSource       : HikariPool-1 - Starting...
2025-10-28T16:21:15.498+05:30  INFO 18996 --- [           main] com.zaxxer.hikari.pool.HikariPool        : HikariPool-1 - Added connection com.mysql.cj.jdbc.ConnectionImpl@3c4059a
2025-10-28T16:21:15.502+05:30  INFO 18996 --- [           main] com.zaxxer.hikari.HikariDataSource       : HikariPool-1 - Start completed.
2025-10-28T16:21:15.661+05:30  WARN 18996 --- [           main] org.hibernate.orm.deprecation            : HHH90000025: MySQL8Dialect does not need to be specified explicitly using 'hibernate.dialect' (remove the property setting and it will be selected by default)
2025-10-28T16:21:15.665+05:30  WARN 18996 --- [           main] org.hibernate.orm.deprecation            : HHH90000026: MySQL8Dialect has been deprecated; use org.hibernate.dialect.MySQLDialect instead
2025-10-28T16:21:18.760+05:30  INFO 18996 --- [           main] o.h.e.t.j.p.i.JtaPlatformInitiator       : HHH000489: No JTA platform available (set 'hibernate.transaction.jta.platform' to enable JTA platform integration)
2025-10-28T16:21:19.011+05:30  INFO 18996 --- [           main] j.LocalContainerEntityManagerFactoryBean : Initialized JPA EntityManagerFactory for persistence unit 'default'
2025-10-28T16:21:21.161+05:30  INFO 18996 --- [           main] o.s.d.j.r.query.QueryEnhancerFactory     : Hibernate is in classpath; If applicable, HQL parser will be used.
2025-10-28T16:21:22.792+05:30  INFO 18996 --- [           main] eAuthenticationProviderManagerConfigurer : Global AuthenticationManager configured with AuthenticationProvider bean with name authenticationProvider
2025-10-28T16:21:22.793+05:30  WARN 18996 --- [           main] r$InitializeUserDetailsManagerConfigurer : Global AuthenticationManager configured with an AuthenticationProvider bean. UserDetailsService beans will not be used for username/password login. Consider removing the AuthenticationProvider bean. Alternatively, consider using the UserDetailsService in a manually instantiated DaoAuthenticationProvider.
2025-10-28T16:21:23.778+05:30  WARN 18996 --- [           main] JpaBaseConfiguration$JpaWebConfiguration : spring.jpa.open-in-view is enabled by default. Therefore, database queries may be performed during view rendering. Explicitly configure spring.jpa.open-in-view to disable this warning
2025-10-28T16:21:26.009+05:30  INFO 18996 --- [           main] .j.s.b.SpringbootBackendApplicationTests : Started SpringbootBackendApplicationTests in 18.699 seconds (process running for 21.487)
Hibernate: 
    select
        count(*) 
    from
        departments d1_0
Hibernate: 
    select
        u1_0.id,
        u1_0.active,
        u1_0.created_at,
        u1_0.email,
        u1_0.full_name,
        u1_0.password,
        u1_0.reset_token,
        u1_0.reset_token_expiry,
        u1_0.role,
        u1_0.updated_at 
    from
        users u1_0 
    where
        u1_0.email=?
Hibernate: 
    select
        e1_0.id,
        e1_0.address,
        e1_0.created_at,
        e1_0.date_of_birth,
        e1_0.date_of_joining,
        d1_0.id,
        d1_0.description,
        d1_0.name,
        e1_0.designation,
        e1_0.email,
        e1_0.employee_code,
        e1_0.first_name,
        e1_0.last_name,
        e1_0.phone_number,
        e1_0.photo_url,
        e1_0.status,
        e1_0.updated_at,
        u1_0.id,
        u1_0.active,
        u1_0.created_at,
        u1_0.email,
        u1_0.full_name,
        u1_0.password,
        u1_0.reset_token,
        u1_0.reset_token_expiry,
        u1_0.role,
        u1_0.updated_at 
    from
        employees e1_0 
    left join
        departments d1_0 
            on d1_0.id=e1_0.department_id 
    left join
        users u1_0 
            on u1_0.id=e1_0.user_id 
    where
        e1_0.user_id=?
Hibernate: 
    select
        u1_0.id,
        u1_0.active,
        u1_0.created_at,
        u1_0.email,
        e1_0.id,
        e1_0.address,
        e1_0.created_at,
        e1_0.date_of_birth,
        e1_0.date_of_joining,
        d1_0.id,
        d1_0.description,
        d1_0.name,
        e1_0.designation,
        e1_0.email,
        e1_0.employee_code,
        e1_0.first_name,
        e1_0.last_name,
        e1_0.phone_number,
        e1_0.photo_url,
        e1_0.status,
        e1_0.updated_at,
        a1_0.employee_id,
        a1_0.id,
        a1_0.check_in_time,
        a1_0.check_out_time,
        a1_0.date,
        a1_0.remarks,
        a1_0.status,
        a1_0.working_hours,
        u1_0.full_name,
        u1_0.password,
        u1_0.reset_token,
        u1_0.reset_token_expiry,
        u1_0.role,
        u1_0.updated_at 
    from
        users u1_0 
    left join
        employees e1_0 
            on u1_0.id=e1_0.user_id 
    left join
        departments d1_0 
            on d1_0.id=e1_0.department_id 
    left join
        attendance a1_0 
            on e1_0.id=a1_0.employee_id 
    where
        u1_0.id=?
Hibernate: 
    update
        users 
    set
        active=?,
        email=?,
        full_name=?,
        password=?,
        reset_token=?,
        reset_token_expiry=?,
        role=?,
        updated_at=? 
    where
        id=?
Hibernate: 
    select
        u1_0.id,
        u1_0.active,
        u1_0.created_at,
        u1_0.email,
        u1_0.full_name,
        u1_0.password,
        u1_0.reset_token,
        u1_0.reset_token_expiry,
        u1_0.role,
        u1_0.updated_at 
    from
        users u1_0 
    where
        u1_0.email=?
Hibernate: 
    select
        e1_0.id,
        e1_0.address,
        e1_0.created_at,
        e1_0.date_of_birth,
        e1_0.date_of_joining,
        d1_0.id,
        d1_0.description,
        d1_0.name,
        e1_0.designation,
        e1_0.email,
        e1_0.employee_code,
        e1_0.first_name,
        e1_0.last_name,
        e1_0.phone_number,
        e1_0.photo_url,
        e1_0.status,
        e1_0.updated_at,
        u1_0.id,
        u1_0.active,
        u1_0.created_at,
        u1_0.email,
        u1_0.full_name,
        u1_0.password,
        u1_0.reset_token,
        u1_0.reset_token_expiry,
        u1_0.role,
        u1_0.updated_at 
    from
        employees e1_0 
    left join
        departments d1_0 
            on d1_0.id=e1_0.department_id 
    left join
        users u1_0 
            on u1_0.id=e1_0.user_id 
    where
        e1_0.user_id=?
Hibernate: 
    select
        u1_0.id,
        u1_0.active,
        u1_0.created_at,
        u1_0.email,
        e1_0.id,
        e1_0.address,
        e1_0.created_at,
        e1_0.date_of_birth,
        e1_0.date_of_joining,
        d1_0.id,
        d1_0.description,
        d1_0.name,
        e1_0.designation,
        e1_0.email,
        e1_0.employee_code,
        e1_0.first_name,
        e1_0.last_name,
        e1_0.phone_number,
        e1_0.photo_url,
        e1_0.status,
        e1_0.updated_at,
        a1_0.employee_id,
        a1_0.id,
        a1_0.check_in_time,
        a1_0.check_out_time,
        a1_0.date,
        a1_0.remarks,
        a1_0.status,
        a1_0.working_hours,
        u1_0.full_name,
        u1_0.password,
        u1_0.reset_token,
        u1_0.reset_token_expiry,
        u1_0.role,
        u1_0.updated_at 
    from
        users u1_0 
    left join
        employees e1_0 
            on u1_0.id=e1_0.user_id 
    left join
        departments d1_0 
            on d1_0.id=e1_0.department_id 
    left join
        attendance a1_0 
            on e1_0.id=a1_0.employee_id 
    where
        u1_0.id=?
Hibernate: 
    update
        users 
    set
        active=?,
        email=?,
        full_name=?,
        password=?,
        reset_token=?,
        reset_token_expiry=?,
        role=?,
        updated_at=? 
    where
        id=?
✓ Default users ensured (created/updated):
  Admin: admin@ems.com / admin123
  HR: hr@ems.com / hr123
=== Data Initialization Complete ===
Hibernate: 
    select
        count(*) 
    from
        departments d1_0
Total Departments: 6
Hibernate: 
    select
        count(*) 
    from
        users u1_0
Total Users: 3
]]></system-out>
    <system-err><![CDATA[WARNING: A Java agent has been loaded dynamically (C:\Users\sujal\.m2\repository\net\bytebuddy\byte-buddy-agent\1.14.18\byte-buddy-agent-1.14.18.jar)
WARNING: If a serviceability tool is in use, please run with -XX:+EnableDynamicAgentLoading to hide this warning
WARNING: If a serviceability tool is not in use, please run with -Djdk.instrument.traceUsage for more information
WARNING: Dynamic loading of agents will be disallowed by default in a future release
]]></system-err>
  </testcase>
</testsuite>